{"C:\\Users\\desac\\OneDrive\\Área de Trabalho\\pokemon-showdown-ps\\backend\\src\\battle\\engine.ts": {"path":"C:\\Users\\desac\\OneDrive\\Área de Trabalho\\pokemon-showdown-ps\\backend\\src\\battle\\engine.ts","statementMap":{"0":{"start":{"line":6,"column":0},"end":{"line":6,"column":16}},"1":{"start":{"line":2,"column":0},"end":{"line":2,"column":51}},"2":{"start":{"line":4,"column":14},"end":{"line":4,"column":16}},"3":{"start":{"line":11,"column":2},"end":{"line":13,"column":3}},"4":{"start":{"line":12,"column":4},"end":{"line":12,"column":75}},"5":{"start":{"line":15,"column":2},"end":{"line":17,"column":3}},"6":{"start":{"line":16,"column":4},"end":{"line":16,"column":74}},"7":{"start":{"line":19,"column":24},"end":{"line":19,"column":71}},"8":{"start":{"line":21,"column":2},"end":{"line":23,"column":3}},"9":{"start":{"line":22,"column":4},"end":{"line":22,"column":75}},"10":{"start":{"line":25,"column":19},"end":{"line":25,"column":41}},"11":{"start":{"line":26,"column":15},"end":{"line":26,"column":59}},"12":{"start":{"line":27,"column":14},"end":{"line":27,"column":79}},"13":{"start":{"line":28,"column":14},"end":{"line":28,"column":80}},"14":{"start":{"line":29,"column":15},"end":{"line":29,"column":84}},"15":{"start":{"line":30,"column":15},"end":{"line":30,"column":58}},"16":{"start":{"line":31,"column":17},"end":{"line":31,"column":99}},"17":{"start":{"line":33,"column":2},"end":{"line":33,"column":60}}},"fnMap":{"0":{"name":"calcDamage","decl":{"start":{"line":6,"column":16},"end":{"line":6,"column":26}},"loc":{"start":{"line":9,"column":25},"end":{"line":34,"column":1}}}},"branchMap":{"0":{"loc":{"start":{"line":11,"column":2},"end":{"line":13,"column":3}},"type":"if","locations":[{"start":{"line":11,"column":2},"end":{"line":13,"column":3}},{"start":{},"end":{}}]},"1":{"loc":{"start":{"line":15,"column":2},"end":{"line":17,"column":3}},"type":"if","locations":[{"start":{"line":15,"column":2},"end":{"line":17,"column":3}},{"start":{},"end":{}}]},"2":{"loc":{"start":{"line":21,"column":2},"end":{"line":23,"column":3}},"type":"if","locations":[{"start":{"line":21,"column":2},"end":{"line":23,"column":3}},{"start":{},"end":{}}]},"3":{"loc":{"start":{"line":26,"column":15},"end":{"line":26,"column":59}},"type":"cond-expr","locations":[{"start":{"line":26,"column":52},"end":{"line":26,"column":55}},{"start":{"line":26,"column":58},"end":{"line":26,"column":59}}]},"4":{"loc":{"start":{"line":27,"column":14},"end":{"line":27,"column":79}},"type":"cond-expr","locations":[{"start":{"line":27,"column":47},"end":{"line":27,"column":61}},{"start":{"line":27,"column":64},"end":{"line":27,"column":79}}]},"5":{"loc":{"start":{"line":28,"column":14},"end":{"line":28,"column":80}},"type":"cond-expr","locations":[{"start":{"line":28,"column":47},"end":{"line":28,"column":61}},{"start":{"line":28,"column":64},"end":{"line":28,"column":80}}]},"6":{"loc":{"start":{"line":31,"column":71},"end":{"line":31,"column":89}},"type":"cond-expr","locations":[{"start":{"line":31,"column":82},"end":{"line":31,"column":85}},{"start":{"line":31,"column":88},"end":{"line":31,"column":89}}]}},"s":{"0":1,"1":1,"2":1,"3":9,"4":0,"5":9,"6":0,"7":9,"8":9,"9":0,"10":9,"11":9,"12":9,"13":9,"14":9,"15":9,"16":9,"17":9},"f":{"0":9},"b":{"0":[0,9],"1":[0,9],"2":[0,9],"3":[0,9],"4":[0,9],"5":[0,9],"6":[0,9]}}
,"C:\\Users\\desac\\OneDrive\\Área de Trabalho\\pokemon-showdown-ps\\backend\\src\\battle\\typeChart.ts": {"path":"C:\\Users\\desac\\OneDrive\\Área de Trabalho\\pokemon-showdown-ps\\backend\\src\\battle\\typeChart.ts","statementMap":{"0":{"start":{"line":22,"column":0},"end":{"line":22,"column":16}},"1":{"start":{"line":1,"column":54},"end":{"line":20,"column":2}},"2":{"start":{"line":23,"column":2},"end":{"line":25,"column":8}},"3":{"start":{"line":24,"column":4},"end":{"line":24,"column":58}}},"fnMap":{"0":{"name":"getTypeEffectiveness","decl":{"start":{"line":22,"column":16},"end":{"line":22,"column":36}},"loc":{"start":{"line":22,"column":78},"end":{"line":26,"column":1}}},"1":{"name":"(anonymous_1)","decl":{"start":{"line":23,"column":30},"end":{"line":23,"column":31}},"loc":{"start":{"line":23,"column":48},"end":{"line":25,"column":3}}}},"branchMap":{"0":{"loc":{"start":{"line":24,"column":19},"end":{"line":24,"column":56}},"type":"binary-expr","locations":[{"start":{"line":24,"column":19},"end":{"line":24,"column":51}},{"start":{"line":24,"column":55},"end":{"line":24,"column":56}}]},"1":{"loc":{"start":{"line":24,"column":20},"end":{"line":24,"column":41}},"type":"binary-expr","locations":[{"start":{"line":24,"column":20},"end":{"line":24,"column":35}},{"start":{"line":24,"column":39},"end":{"line":24,"column":41}}]}},"s":{"0":1,"1":1,"2":9,"3":9},"f":{"0":9,"1":9},"b":{"0":[9,9],"1":[9,0]}}
,"C:\\Users\\desac\\OneDrive\\Área de Trabalho\\pokemon-showdown-ps\\backend\\src\\pokemon\\service.ts": {"path":"C:\\Users\\desac\\OneDrive\\Área de Trabalho\\pokemon-showdown-ps\\backend\\src\\pokemon\\service.ts","statementMap":{"0":{"start":{"line":41,"column":0},"end":{"line":41,"column":7}},"1":{"start":{"line":74,"column":0},"end":{"line":74,"column":7}},"2":{"start":{"line":1,"column":0},"end":{"line":1,"column":26}},"3":{"start":{"line":3,"column":0},"end":{"line":3,"column":52}},"4":{"start":{"line":5,"column":16},"end":{"line":5,"column":86}},"5":{"start":{"line":7,"column":14},"end":{"line":7,"column":16}},"6":{"start":{"line":10,"column":2},"end":{"line":10,"column":59}},"7":{"start":{"line":14,"column":2},"end":{"line":14,"column":50}},"8":{"start":{"line":42,"column":14},"end":{"line":42,"column":57}},"9":{"start":{"line":44,"column":17},"end":{"line":44,"column":51}},"10":{"start":{"line":45,"column":2},"end":{"line":47,"column":3}},"11":{"start":{"line":46,"column":4},"end":{"line":46,"column":50}},"12":{"start":{"line":49,"column":19},"end":{"line":49,"column":98}},"13":{"start":{"line":50,"column":16},"end":{"line":50,"column":38}},"14":{"start":{"line":51,"column":15},"end":{"line":51,"column":91}},"15":{"start":{"line":51,"column":33},"end":{"line":51,"column":91}},"16":{"start":{"line":51,"column":54},"end":{"line":51,"column":74}},"17":{"start":{"line":52,"column":13},"end":{"line":52,"column":31}},"18":{"start":{"line":54,"column":33},"end":{"line":67,"column":4}},"19":{"start":{"line":57,"column":31},"end":{"line":57,"column":42}},"20":{"start":{"line":69,"column":2},"end":{"line":69,"column":31}},"21":{"start":{"line":70,"column":2},"end":{"line":70,"column":50}},"22":{"start":{"line":75,"column":14},"end":{"line":75,"column":57}},"23":{"start":{"line":77,"column":17},"end":{"line":77,"column":51}},"24":{"start":{"line":78,"column":2},"end":{"line":93,"column":3}},"25":{"start":{"line":79,"column":4},"end":{"line":92,"column":6}},"26":{"start":{"line":95,"column":19},"end":{"line":95,"column":98}},"27":{"start":{"line":96,"column":15},"end":{"line":96,"column":91}},"28":{"start":{"line":96,"column":33},"end":{"line":96,"column":91}},"29":{"start":{"line":96,"column":54},"end":{"line":96,"column":74}},"30":{"start":{"line":98,"column":2},"end":{"line":111,"column":4}},"31":{"start":{"line":101,"column":31},"end":{"line":101,"column":42}},"32":{"start":{"line":115,"column":23},"end":{"line":127,"column":21}},"33":{"start":{"line":116,"column":17},"end":{"line":117,"column":null}},"34":{"start":{"line":117,"column":11},"end":{"line":117,"column":76}},"35":{"start":{"line":119,"column":15},"end":{"line":124,"column":6}},"36":{"start":{"line":122,"column":21},"end":{"line":122,"column":60}},"37":{"start":{"line":123,"column":18},"end":{"line":123,"column":36}},"38":{"start":{"line":125,"column":20},"end":{"line":125,"column":37}},"39":{"start":{"line":127,"column":14},"end":{"line":127,"column":20}},"40":{"start":{"line":129,"column":18},"end":{"line":132,"column":null}},"41":{"start":{"line":131,"column":6},"end":{"line":131,"column":80}},"42":{"start":{"line":131,"column":55},"end":{"line":131,"column":61}},"43":{"start":{"line":131,"column":75},"end":{"line":131,"column":79}},"44":{"start":{"line":135,"column":19},"end":{"line":135,"column":92}},"45":{"start":{"line":135,"column":59},"end":{"line":135,"column":91}},"46":{"start":{"line":137,"column":2},"end":{"line":149,"column":3}},"47":{"start":{"line":138,"column":26},"end":{"line":141,"column":28}},"48":{"start":{"line":139,"column":19},"end":{"line":139,"column":54}},"49":{"start":{"line":141,"column":16},"end":{"line":141,"column":27}},"50":{"start":{"line":143,"column":21},"end":{"line":146,"column":null}},"51":{"start":{"line":145,"column":8},"end":{"line":145,"column":82}},"52":{"start":{"line":145,"column":57},"end":{"line":145,"column":63}},"53":{"start":{"line":145,"column":77},"end":{"line":145,"column":81}},"54":{"start":{"line":148,"column":4},"end":{"line":148,"column":97}},"55":{"start":{"line":148,"column":62},"end":{"line":148,"column":94}},"56":{"start":{"line":151,"column":2},"end":{"line":160,"column":6}},"57":{"start":{"line":151,"column":40},"end":{"line":160,"column":4}},"58":{"start":{"line":153,"column":44},"end":{"line":153,"column":82}}},"fnMap":{"0":{"name":"calcHp","decl":{"start":{"line":9,"column":9},"end":{"line":9,"column":15}},"loc":{"start":{"line":9,"column":28},"end":{"line":11,"column":1}}},"1":{"name":"calcStat","decl":{"start":{"line":13,"column":9},"end":{"line":13,"column":17}},"loc":{"start":{"line":13,"column":30},"end":{"line":15,"column":1}}},"2":{"name":"loadBattlePokemon","decl":{"start":{"line":41,"column":22},"end":{"line":41,"column":39}},"loc":{"start":{"line":41,"column":65},"end":{"line":71,"column":1}}},"3":{"name":"(anonymous_4)","decl":{"start":{"line":51,"column":15},"end":{"line":51,"column":16}},"loc":{"start":{"line":51,"column":33},"end":{"line":51,"column":91}}},"4":{"name":"(anonymous_5)","decl":{"start":{"line":51,"column":49},"end":{"line":51,"column":50}},"loc":{"start":{"line":51,"column":54},"end":{"line":51,"column":74}}},"5":{"name":"(anonymous_6)","decl":{"start":{"line":57,"column":26},"end":{"line":57,"column":27}},"loc":{"start":{"line":57,"column":31},"end":{"line":57,"column":42}}},"6":{"name":"getPokemonPreview","decl":{"start":{"line":74,"column":22},"end":{"line":74,"column":39}},"loc":{"start":{"line":74,"column":65},"end":{"line":112,"column":1}}},"7":{"name":"(anonymous_8)","decl":{"start":{"line":96,"column":15},"end":{"line":96,"column":16}},"loc":{"start":{"line":96,"column":33},"end":{"line":96,"column":91}}},"8":{"name":"(anonymous_9)","decl":{"start":{"line":96,"column":49},"end":{"line":96,"column":50}},"loc":{"start":{"line":96,"column":54},"end":{"line":96,"column":74}}},"9":{"name":"(anonymous_10)","decl":{"start":{"line":101,"column":26},"end":{"line":101,"column":27}},"loc":{"start":{"line":101,"column":31},"end":{"line":101,"column":42}}},"10":{"name":"fetchMoves","decl":{"start":{"line":114,"column":15},"end":{"line":114,"column":25}},"loc":{"start":{"line":114,"column":49},"end":{"line":161,"column":1}}},"11":{"name":"(anonymous_12)","decl":{"start":{"line":116,"column":12},"end":{"line":116,"column":13}},"loc":{"start":{"line":116,"column":17},"end":{"line":117,"column":null}}},"12":{"name":"(anonymous_13)","decl":{"start":{"line":117,"column":6},"end":{"line":117,"column":7}},"loc":{"start":{"line":117,"column":11},"end":{"line":117,"column":76}}},"13":{"name":"(anonymous_14)","decl":{"start":{"line":119,"column":9},"end":{"line":119,"column":10}},"loc":{"start":{"line":119,"column":15},"end":{"line":124,"column":6}}},"14":{"name":"(anonymous_15)","decl":{"start":{"line":122,"column":16},"end":{"line":122,"column":17}},"loc":{"start":{"line":122,"column":21},"end":{"line":122,"column":60}}},"15":{"name":"(anonymous_16)","decl":{"start":{"line":123,"column":13},"end":{"line":123,"column":14}},"loc":{"start":{"line":123,"column":18},"end":{"line":123,"column":36}}},"16":{"name":"(anonymous_17)","decl":{"start":{"line":125,"column":10},"end":{"line":125,"column":11}},"loc":{"start":{"line":125,"column":20},"end":{"line":125,"column":37}}},"17":{"name":"(anonymous_18)","decl":{"start":{"line":127,"column":9},"end":{"line":127,"column":10}},"loc":{"start":{"line":127,"column":14},"end":{"line":127,"column":20}}},"18":{"name":"(anonymous_19)","decl":{"start":{"line":130,"column":21},"end":{"line":130,"column":22}},"loc":{"start":{"line":131,"column":6},"end":{"line":131,"column":80}}},"19":{"name":"(anonymous_20)","decl":{"start":{"line":131,"column":50},"end":{"line":131,"column":51}},"loc":{"start":{"line":131,"column":55},"end":{"line":131,"column":61}}},"20":{"name":"(anonymous_21)","decl":{"start":{"line":131,"column":69},"end":{"line":131,"column":72}},"loc":{"start":{"line":131,"column":75},"end":{"line":131,"column":79}}},"21":{"name":"(anonymous_22)","decl":{"start":{"line":135,"column":34},"end":{"line":135,"column":35}},"loc":{"start":{"line":135,"column":59},"end":{"line":135,"column":91}}},"22":{"name":"(anonymous_23)","decl":{"start":{"line":139,"column":14},"end":{"line":139,"column":15}},"loc":{"start":{"line":139,"column":19},"end":{"line":139,"column":54}}},"23":{"name":"(anonymous_24)","decl":{"start":{"line":141,"column":11},"end":{"line":141,"column":12}},"loc":{"start":{"line":141,"column":16},"end":{"line":141,"column":27}}},"24":{"name":"(anonymous_25)","decl":{"start":{"line":144,"column":24},"end":{"line":144,"column":25}},"loc":{"start":{"line":145,"column":8},"end":{"line":145,"column":82}}},"25":{"name":"(anonymous_26)","decl":{"start":{"line":145,"column":52},"end":{"line":145,"column":53}},"loc":{"start":{"line":145,"column":57},"end":{"line":145,"column":63}}},"26":{"name":"(anonymous_27)","decl":{"start":{"line":145,"column":71},"end":{"line":145,"column":74}},"loc":{"start":{"line":145,"column":77},"end":{"line":145,"column":81}}},"27":{"name":"(anonymous_28)","decl":{"start":{"line":148,"column":37},"end":{"line":148,"column":38}},"loc":{"start":{"line":148,"column":62},"end":{"line":148,"column":94}}},"28":{"name":"(anonymous_29)","decl":{"start":{"line":151,"column":34},"end":{"line":151,"column":35}},"loc":{"start":{"line":151,"column":40},"end":{"line":160,"column":4}}},"29":{"name":"(anonymous_30)","decl":{"start":{"line":153,"column":39},"end":{"line":153,"column":40}},"loc":{"start":{"line":153,"column":44},"end":{"line":153,"column":82}}}},"branchMap":{"0":{"loc":{"start":{"line":45,"column":2},"end":{"line":47,"column":3}},"type":"if","locations":[{"start":{"line":45,"column":2},"end":{"line":47,"column":3}},{"start":{},"end":{}}]},"1":{"loc":{"start":{"line":51,"column":33},"end":{"line":51,"column":91}},"type":"binary-expr","locations":[{"start":{"line":51,"column":33},"end":{"line":51,"column":86}},{"start":{"line":51,"column":90},"end":{"line":51,"column":91}}]},"2":{"loc":{"start":{"line":65,"column":15},"end":{"line":65,"column":97}},"type":"binary-expr","locations":[{"start":{"line":65,"column":15},"end":{"line":65,"column":67}},{"start":{"line":65,"column":71},"end":{"line":65,"column":97}}]},"3":{"loc":{"start":{"line":78,"column":2},"end":{"line":93,"column":3}},"type":"if","locations":[{"start":{"line":78,"column":2},"end":{"line":93,"column":3}},{"start":{},"end":{}}]},"4":{"loc":{"start":{"line":96,"column":33},"end":{"line":96,"column":91}},"type":"binary-expr","locations":[{"start":{"line":96,"column":33},"end":{"line":96,"column":86}},{"start":{"line":96,"column":90},"end":{"line":96,"column":91}}]},"5":{"loc":{"start":{"line":102,"column":15},"end":{"line":102,"column":97}},"type":"binary-expr","locations":[{"start":{"line":102,"column":15},"end":{"line":102,"column":67}},{"start":{"line":102,"column":71},"end":{"line":102,"column":97}}]},"6":{"loc":{"start":{"line":117,"column":11},"end":{"line":117,"column":76}},"type":"binary-expr","locations":[{"start":{"line":117,"column":11},"end":{"line":117,"column":50}},{"start":{"line":117,"column":54},"end":{"line":117,"column":76}}]},"7":{"loc":{"start":{"line":135,"column":59},"end":{"line":135,"column":91}},"type":"binary-expr","locations":[{"start":{"line":135,"column":59},"end":{"line":135,"column":69}},{"start":{"line":135,"column":73},"end":{"line":135,"column":91}}]},"8":{"loc":{"start":{"line":135,"column":74},"end":{"line":135,"column":86}},"type":"binary-expr","locations":[{"start":{"line":135,"column":74},"end":{"line":135,"column":81}},{"start":{"line":135,"column":85},"end":{"line":135,"column":86}}]},"9":{"loc":{"start":{"line":137,"column":2},"end":{"line":149,"column":3}},"type":"if","locations":[{"start":{"line":137,"column":2},"end":{"line":149,"column":3}},{"start":{},"end":{}}]},"10":{"loc":{"start":{"line":148,"column":62},"end":{"line":148,"column":94}},"type":"binary-expr","locations":[{"start":{"line":148,"column":62},"end":{"line":148,"column":72}},{"start":{"line":148,"column":76},"end":{"line":148,"column":94}}]},"11":{"loc":{"start":{"line":148,"column":77},"end":{"line":148,"column":89}},"type":"binary-expr","locations":[{"start":{"line":148,"column":77},"end":{"line":148,"column":84}},{"start":{"line":148,"column":88},"end":{"line":148,"column":89}}]},"12":{"loc":{"start":{"line":154,"column":11},"end":{"line":154,"column":23}},"type":"binary-expr","locations":[{"start":{"line":154,"column":11},"end":{"line":154,"column":18}},{"start":{"line":154,"column":22},"end":{"line":154,"column":23}}]},"13":{"loc":{"start":{"line":159,"column":14},"end":{"line":159,"column":31}},"type":"binary-expr","locations":[{"start":{"line":159,"column":14},"end":{"line":159,"column":24}},{"start":{"line":159,"column":28},"end":{"line":159,"column":31}}]}},"s":{"0":2,"1":2,"2":2,"3":2,"4":2,"5":2,"6":0,"7":0,"8":0,"9":0,"10":0,"11":0,"12":0,"13":0,"14":0,"15":0,"16":0,"17":0,"18":0,"19":0,"20":0,"21":0,"22":0,"23":0,"24":0,"25":0,"26":0,"27":0,"28":0,"29":0,"30":0,"31":0,"32":0,"33":0,"34":0,"35":0,"36":0,"37":0,"38":0,"39":0,"40":0,"41":0,"42":0,"43":0,"44":0,"45":0,"46":0,"47":0,"48":0,"49":0,"50":0,"51":0,"52":0,"53":0,"54":0,"55":0,"56":0,"57":0,"58":0},"f":{"0":0,"1":0,"2":0,"3":0,"4":0,"5":0,"6":0,"7":0,"8":0,"9":0,"10":0,"11":0,"12":0,"13":0,"14":0,"15":0,"16":0,"17":0,"18":0,"19":0,"20":0,"21":0,"22":0,"23":0,"24":0,"25":0,"26":0,"27":0,"28":0,"29":0},"b":{"0":[0,0],"1":[0,0],"2":[0,0],"3":[0,0],"4":[0,0],"5":[0,0],"6":[0,0],"7":[0,0],"8":[0,0],"9":[0,0],"10":[0,0],"11":[0,0],"12":[0,0],"13":[0,0]}}
,"C:\\Users\\desac\\OneDrive\\Área de Trabalho\\pokemon-showdown-ps\\backend\\src\\routes\\battle.ts": {"path":"C:\\Users\\desac\\OneDrive\\Área de Trabalho\\pokemon-showdown-ps\\backend\\src\\routes\\battle.ts","statementMap":{"0":{"start":{"line":1,"column":0},"end":{"line":1,"column":52}},"1":{"start":{"line":2,"column":0},"end":{"line":2,"column":34}},"2":{"start":{"line":3,"column":0},"end":{"line":3,"column":55}},"3":{"start":{"line":4,"column":0},"end":{"line":4,"column":46}},"4":{"start":{"line":7,"column":13},"end":{"line":7,"column":37}},"5":{"start":{"line":11,"column":17},"end":{"line":11,"column":49}},"6":{"start":{"line":14,"column":0},"end":{"line":19,"column":19}},"7":{"start":{"line":15,"column":17},"end":{"line":15,"column":48}},"8":{"start":{"line":16,"column":2},"end":{"line":18,"column":3}},"9":{"start":{"line":17,"column":4},"end":{"line":17,"column":50}},"10":{"start":{"line":17,"column":30},"end":{"line":17,"column":50}},"11":{"start":{"line":23,"column":16},"end":{"line":29,"column":2}},"12":{"start":{"line":32,"column":15},"end":{"line":32,"column":27}},"13":{"start":{"line":33,"column":27},"end":{"line":33,"column":29}},"14":{"start":{"line":34,"column":2},"end":{"line":37,"column":3}},"15":{"start":{"line":35,"column":14},"end":{"line":35,"column":53}},"16":{"start":{"line":36,"column":4},"end":{"line":36,"column":38}},"17":{"start":{"line":38,"column":2},"end":{"line":38,"column":16}},"18":{"start":{"line":44,"column":2},"end":{"line":62,"column":4}},"19":{"start":{"line":52,"column":29},"end":{"line":61,"column":6}},"20":{"start":{"line":66,"column":2},"end":{"line":74,"column":6}},"21":{"start":{"line":66,"column":29},"end":{"line":74,"column":4}},"22":{"start":{"line":80,"column":2},"end":{"line":82,"column":3}},"23":{"start":{"line":80,"column":15},"end":{"line":80,"column":16}},"24":{"start":{"line":81,"column":4},"end":{"line":81,"column":62}},"25":{"start":{"line":81,"column":53},"end":{"line":81,"column":62}},"26":{"start":{"line":83,"column":2},"end":{"line":83,"column":12}},"27":{"start":{"line":87,"column":2},"end":{"line":87,"column":44}},"28":{"start":{"line":87,"column":25},"end":{"line":87,"column":42}},"29":{"start":{"line":96,"column":54},"end":{"line":96,"column":90}},"30":{"start":{"line":98,"column":2},"end":{"line":98,"column":83}},"31":{"start":{"line":100,"column":2},"end":{"line":100,"column":75}},"32":{"start":{"line":100,"column":26},"end":{"line":100,"column":59}},"33":{"start":{"line":100,"column":60},"end":{"line":100,"column":73}},"34":{"start":{"line":101,"column":2},"end":{"line":101,"column":76}},"35":{"start":{"line":101,"column":29},"end":{"line":101,"column":60}},"36":{"start":{"line":101,"column":61},"end":{"line":101,"column":74}},"37":{"start":{"line":102,"column":2},"end":{"line":102,"column":57}},"38":{"start":{"line":102,"column":24},"end":{"line":102,"column":57}},"39":{"start":{"line":103,"column":2},"end":{"line":104,"column":72}},"40":{"start":{"line":103,"column":27},"end":{"line":103,"column":60}},"41":{"start":{"line":104,"column":7},"end":{"line":104,"column":72}},"42":{"start":{"line":104,"column":33},"end":{"line":104,"column":72}},"43":{"start":{"line":106,"column":2},"end":{"line":106,"column":64}},"44":{"start":{"line":107,"column":2},"end":{"line":107,"column":70}},"45":{"start":{"line":109,"column":2},"end":{"line":112,"column":3}},"46":{"start":{"line":110,"column":4},"end":{"line":110,"column":55}},"47":{"start":{"line":111,"column":4},"end":{"line":111,"column":16}},"48":{"start":{"line":113,"column":2},"end":{"line":113,"column":15}},"49":{"start":{"line":118,"column":15},"end":{"line":118,"column":83}},"50":{"start":{"line":119,"column":2},"end":{"line":119,"column":32}},"51":{"start":{"line":119,"column":19},"end":{"line":119,"column":32}},"52":{"start":{"line":120,"column":2},"end":{"line":120,"column":37}},"53":{"start":{"line":121,"column":2},"end":{"line":121,"column":77}},"54":{"start":{"line":122,"column":2},"end":{"line":122,"column":14}},"55":{"start":{"line":126,"column":2},"end":{"line":135,"column":4}},"56":{"start":{"line":146,"column":0},"end":{"line":204,"column":3}},"57":{"start":{"line":147,"column":32},"end":{"line":147,"column":68}},"58":{"start":{"line":149,"column":2},"end":{"line":154,"column":3}},"59":{"start":{"line":149,"column":69},"end":{"line":149,"column":103}},"60":{"start":{"line":150,"column":4},"end":{"line":153,"column":7}},"61":{"start":{"line":156,"column":23},"end":{"line":156,"column":74}},"62":{"start":{"line":156,"column":51},"end":{"line":156,"column":73}},"63":{"start":{"line":157,"column":18},"end":{"line":157,"column":32}},"64":{"start":{"line":159,"column":2},"end":{"line":203,"column":3}},"65":{"start":{"line":160,"column":39},"end":{"line":163,"column":6}},"66":{"start":{"line":161,"column":39},"end":{"line":161,"column":59}},"67":{"start":{"line":162,"column":35},"end":{"line":162,"column":55}},"68":{"start":{"line":165,"column":35},"end":{"line":175,"column":6}},"69":{"start":{"line":177,"column":4},"end":{"line":177,"column":38}},"70":{"start":{"line":179,"column":24},"end":{"line":179,"column":37}},"71":{"start":{"line":180,"column":26},"end":{"line":180,"column":41}},"72":{"start":{"line":182,"column":4},"end":{"line":195,"column":7}},"73":{"start":{"line":197,"column":24},"end":{"line":197,"column":58}},"74":{"start":{"line":198,"column":4},"end":{"line":200,"column":5}},"75":{"start":{"line":199,"column":6},"end":{"line":199,"column":100}},"76":{"start":{"line":201,"column":4},"end":{"line":201,"column":51}},"77":{"start":{"line":202,"column":4},"end":{"line":202,"column":82}},"78":{"start":{"line":221,"column":0},"end":{"line":371,"column":3}},"79":{"start":{"line":222,"column":18},"end":{"line":222,"column":45}},"80":{"start":{"line":223,"column":2},"end":{"line":223,"column":92}},"81":{"start":{"line":223,"column":16},"end":{"line":223,"column":92}},"82":{"start":{"line":224,"column":2},"end":{"line":224,"column":98}},"83":{"start":{"line":224,"column":33},"end":{"line":224,"column":98}},"84":{"start":{"line":226,"column":15},"end":{"line":226,"column":88}},"85":{"start":{"line":227,"column":29},"end":{"line":227,"column":31}},"86":{"start":{"line":230,"column":2},"end":{"line":278,"column":3}},"87":{"start":{"line":231,"column":21},"end":{"line":231,"column":34}},"88":{"start":{"line":233,"column":4},"end":{"line":235,"column":5}},"89":{"start":{"line":234,"column":6},"end":{"line":234,"column":67}},"90":{"start":{"line":236,"column":4},"end":{"line":238,"column":5}},"91":{"start":{"line":237,"column":6},"end":{"line":237,"column":79}},"92":{"start":{"line":239,"column":4},"end":{"line":241,"column":5}},"93":{"start":{"line":240,"column":6},"end":{"line":240,"column":77}},"94":{"start":{"line":243,"column":21},"end":{"line":243,"column":66}},"95":{"start":{"line":244,"column":4},"end":{"line":244,"column":41}},"96":{"start":{"line":245,"column":21},"end":{"line":245,"column":49}},"97":{"start":{"line":247,"column":4},"end":{"line":275,"column":5}},"98":{"start":{"line":249,"column":6},"end":{"line":249,"column":53}},"99":{"start":{"line":250,"column":6},"end":{"line":250,"column":33}},"100":{"start":{"line":251,"column":6},"end":{"line":251,"column":21}},"101":{"start":{"line":252,"column":6},"end":{"line":252,"column":64}},"102":{"start":{"line":255,"column":6},"end":{"line":255,"column":84}},"103":{"start":{"line":257,"column":23},"end":{"line":257,"column":72}},"104":{"start":{"line":258,"column":21},"end":{"line":258,"column":86}},"105":{"start":{"line":259,"column":23},"end":{"line":259,"column":74}},"106":{"start":{"line":261,"column":6},"end":{"line":261,"column":21}},"107":{"start":{"line":263,"column":6},"end":{"line":274,"column":7}},"108":{"start":{"line":264,"column":8},"end":{"line":271,"column":9}},"109":{"start":{"line":265,"column":10},"end":{"line":265,"column":34}},"110":{"start":{"line":266,"column":10},"end":{"line":266,"column":38}},"111":{"start":{"line":267,"column":10},"end":{"line":267,"column":53}},"112":{"start":{"line":269,"column":10},"end":{"line":269,"column":38}},"113":{"start":{"line":270,"column":10},"end":{"line":270,"column":56}},"114":{"start":{"line":273,"column":8},"end":{"line":273,"column":66}},"115":{"start":{"line":277,"column":4},"end":{"line":277,"column":58}},"116":{"start":{"line":281,"column":2},"end":{"line":368,"column":3}},"117":{"start":{"line":282,"column":4},"end":{"line":284,"column":5}},"118":{"start":{"line":283,"column":6},"end":{"line":283,"column":104}},"119":{"start":{"line":286,"column":22},"end":{"line":286,"column":36}},"120":{"start":{"line":287,"column":4},"end":{"line":289,"column":5}},"121":{"start":{"line":288,"column":6},"end":{"line":288,"column":82}},"122":{"start":{"line":291,"column":19},"end":{"line":291,"column":64}},"123":{"start":{"line":292,"column":21},"end":{"line":292,"column":70}},"124":{"start":{"line":293,"column":23},"end":{"line":293,"column":46}},"125":{"start":{"line":294,"column":19},"end":{"line":294,"column":84}},"126":{"start":{"line":295,"column":24},"end":{"line":295,"column":54}},"127":{"start":{"line":297,"column":21},"end":{"line":297,"column":26}},"128":{"start":{"line":299,"column":4},"end":{"line":358,"column":5}},"129":{"start":{"line":301,"column":25},"end":{"line":301,"column":78}},"130":{"start":{"line":302,"column":6},"end":{"line":312,"column":7}},"131":{"start":{"line":303,"column":8},"end":{"line":311,"column":9}},"132":{"start":{"line":304,"column":10},"end":{"line":304,"column":34}},"133":{"start":{"line":305,"column":10},"end":{"line":305,"column":36}},"134":{"start":{"line":306,"column":10},"end":{"line":306,"column":50}},"135":{"start":{"line":307,"column":10},"end":{"line":307,"column":28}},"136":{"start":{"line":309,"column":10},"end":{"line":309,"column":42}},"137":{"start":{"line":314,"column":6},"end":{"line":328,"column":7}},"138":{"start":{"line":316,"column":25},"end":{"line":316,"column":74}},"139":{"start":{"line":317,"column":8},"end":{"line":327,"column":9}},"140":{"start":{"line":318,"column":10},"end":{"line":326,"column":11}},"141":{"start":{"line":319,"column":12},"end":{"line":319,"column":36}},"142":{"start":{"line":320,"column":12},"end":{"line":320,"column":40}},"143":{"start":{"line":321,"column":12},"end":{"line":321,"column":55}},"144":{"start":{"line":322,"column":12},"end":{"line":322,"column":30}},"145":{"start":{"line":324,"column":12},"end":{"line":324,"column":40}},"146":{"start":{"line":325,"column":12},"end":{"line":325,"column":58}},"147":{"start":{"line":331,"column":23},"end":{"line":331,"column":72}},"148":{"start":{"line":332,"column":6},"end":{"line":342,"column":7}},"149":{"start":{"line":333,"column":8},"end":{"line":341,"column":9}},"150":{"start":{"line":334,"column":10},"end":{"line":334,"column":34}},"151":{"start":{"line":335,"column":10},"end":{"line":335,"column":38}},"152":{"start":{"line":336,"column":10},"end":{"line":336,"column":53}},"153":{"start":{"line":337,"column":10},"end":{"line":337,"column":28}},"154":{"start":{"line":339,"column":10},"end":{"line":339,"column":38}},"155":{"start":{"line":340,"column":10},"end":{"line":340,"column":56}},"156":{"start":{"line":344,"column":6},"end":{"line":357,"column":7}},"157":{"start":{"line":346,"column":27},"end":{"line":346,"column":80}},"158":{"start":{"line":347,"column":8},"end":{"line":356,"column":9}},"159":{"start":{"line":348,"column":10},"end":{"line":355,"column":11}},"160":{"start":{"line":349,"column":12},"end":{"line":349,"column":36}},"161":{"start":{"line":350,"column":12},"end":{"line":350,"column":38}},"162":{"start":{"line":351,"column":12},"end":{"line":351,"column":52}},"163":{"start":{"line":352,"column":12},"end":{"line":352,"column":30}},"164":{"start":{"line":354,"column":12},"end":{"line":354,"column":44}},"165":{"start":{"line":360,"column":4},"end":{"line":360,"column":19}},"166":{"start":{"line":362,"column":4},"end":{"line":365,"column":5}},"167":{"start":{"line":363,"column":21},"end":{"line":363,"column":66}},"168":{"start":{"line":364,"column":6},"end":{"line":364,"column":62}},"169":{"start":{"line":367,"column":4},"end":{"line":367,"column":58}},"170":{"start":{"line":370,"column":2},"end":{"line":370,"column":80}},"171":{"start":{"line":377,"column":0},"end":{"line":391,"column":3}},"172":{"start":{"line":378,"column":18},"end":{"line":378,"column":45}},"173":{"start":{"line":379,"column":2},"end":{"line":379,"column":81}},"174":{"start":{"line":379,"column":16},"end":{"line":379,"column":81}},"175":{"start":{"line":381,"column":2},"end":{"line":390,"column":5}},"176":{"start":{"line":397,"column":0},"end":{"line":403,"column":3}},"177":{"start":{"line":398,"column":2},"end":{"line":400,"column":3}},"178":{"start":{"line":399,"column":4},"end":{"line":399,"column":69}},"179":{"start":{"line":401,"column":2},"end":{"line":401,"column":33}},"180":{"start":{"line":402,"column":2},"end":{"line":402,"column":32}}},"fnMap":{"0":{"name":"(anonymous_0)","decl":{"start":{"line":14,"column":12},"end":{"line":14,"column":15}},"loc":{"start":{"line":14,"column":17},"end":{"line":19,"column":1}}},"1":{"name":"pickAiNames","decl":{"start":{"line":31,"column":9},"end":{"line":31,"column":20}},"loc":{"start":{"line":31,"column":30},"end":{"line":39,"column":1}}},"2":{"name":"serializePokemon","decl":{"start":{"line":43,"column":9},"end":{"line":43,"column":25}},"loc":{"start":{"line":43,"column":42},"end":{"line":63,"column":1}}},"3":{"name":"(anonymous_3)","decl":{"start":{"line":52,"column":23},"end":{"line":52,"column":24}},"loc":{"start":{"line":52,"column":29},"end":{"line":61,"column":6}}},"4":{"name":"teamSummary","decl":{"start":{"line":65,"column":9},"end":{"line":65,"column":20}},"loc":{"start":{"line":65,"column":42},"end":{"line":75,"column":1}}},"5":{"name":"(anonymous_5)","decl":{"start":{"line":66,"column":18},"end":{"line":66,"column":19}},"loc":{"start":{"line":66,"column":29},"end":{"line":74,"column":4}}},"6":{"name":"getNextAliveIndex","decl":{"start":{"line":79,"column":9},"end":{"line":79,"column":26}},"loc":{"start":{"line":79,"column":70},"end":{"line":84,"column":1}}},"7":{"name":"allFainted","decl":{"start":{"line":86,"column":9},"end":{"line":86,"column":19}},"loc":{"start":{"line":86,"column":41},"end":{"line":88,"column":1}}},"8":{"name":"(anonymous_8)","decl":{"start":{"line":87,"column":20},"end":{"line":87,"column":21}},"loc":{"start":{"line":87,"column":25},"end":{"line":87,"column":42}}},"9":{"name":"resolveAttack","decl":{"start":{"line":90,"column":9},"end":{"line":90,"column":22}},"loc":{"start":{"line":94,"column":20},"end":{"line":114,"column":1}}},"10":{"name":"aiAutoSwitch","decl":{"start":{"line":117,"column":9},"end":{"line":117,"column":21}},"loc":{"start":{"line":117,"column":64},"end":{"line":123,"column":1}}},"11":{"name":"buildTurnResponse","decl":{"start":{"line":125,"column":9},"end":{"line":125,"column":26}},"loc":{"start":{"line":125,"column":69},"end":{"line":136,"column":1}}},"12":{"name":"(anonymous_12)","decl":{"start":{"line":146,"column":28},"end":{"line":146,"column":33}},"loc":{"start":{"line":146,"column":66},"end":{"line":204,"column":1}}},"13":{"name":"(anonymous_13)","decl":{"start":{"line":149,"column":64},"end":{"line":149,"column":65}},"loc":{"start":{"line":149,"column":69},"end":{"line":149,"column":103}}},"14":{"name":"(anonymous_14)","decl":{"start":{"line":156,"column":46},"end":{"line":156,"column":47}},"loc":{"start":{"line":156,"column":51},"end":{"line":156,"column":73}}},"15":{"name":"(anonymous_15)","decl":{"start":{"line":161,"column":34},"end":{"line":161,"column":35}},"loc":{"start":{"line":161,"column":39},"end":{"line":161,"column":59}}},"16":{"name":"(anonymous_16)","decl":{"start":{"line":162,"column":30},"end":{"line":162,"column":31}},"loc":{"start":{"line":162,"column":35},"end":{"line":162,"column":55}}},"17":{"name":"(anonymous_17)","decl":{"start":{"line":221,"column":31},"end":{"line":221,"column":32}},"loc":{"start":{"line":221,"column":63},"end":{"line":371,"column":1}}},"18":{"name":"(anonymous_18)","decl":{"start":{"line":377,"column":25},"end":{"line":377,"column":26}},"loc":{"start":{"line":377,"column":57},"end":{"line":391,"column":1}}},"19":{"name":"(anonymous_19)","decl":{"start":{"line":397,"column":28},"end":{"line":397,"column":29}},"loc":{"start":{"line":397,"column":60},"end":{"line":403,"column":1}}}},"branchMap":{"0":{"loc":{"start":{"line":17,"column":4},"end":{"line":17,"column":50}},"type":"if","locations":[{"start":{"line":17,"column":4},"end":{"line":17,"column":50}},{"start":{},"end":{}}]},"1":{"loc":{"start":{"line":31,"column":21},"end":{"line":31,"column":30}},"type":"default-arg","locations":[{"start":{"line":31,"column":29},"end":{"line":31,"column":30}}]},"2":{"loc":{"start":{"line":34,"column":9},"end":{"line":34,"column":49}},"type":"binary-expr","locations":[{"start":{"line":34,"column":9},"end":{"line":34,"column":30}},{"start":{"line":34,"column":34},"end":{"line":34,"column":49}}]},"3":{"loc":{"start":{"line":81,"column":4},"end":{"line":81,"column":62}},"type":"if","locations":[{"start":{"line":81,"column":4},"end":{"line":81,"column":62}},{"start":{},"end":{}}]},"4":{"loc":{"start":{"line":81,"column":8},"end":{"line":81,"column":51}},"type":"binary-expr","locations":[{"start":{"line":81,"column":8},"end":{"line":81,"column":26}},{"start":{"line":81,"column":30},"end":{"line":81,"column":51}}]},"5":{"loc":{"start":{"line":100,"column":2},"end":{"line":100,"column":75}},"type":"if","locations":[{"start":{"line":100,"column":2},"end":{"line":100,"column":75}},{"start":{},"end":{}}]},"6":{"loc":{"start":{"line":101,"column":2},"end":{"line":101,"column":76}},"type":"if","locations":[{"start":{"line":101,"column":2},"end":{"line":101,"column":76}},{"start":{},"end":{}}]},"7":{"loc":{"start":{"line":102,"column":2},"end":{"line":102,"column":57}},"type":"if","locations":[{"start":{"line":102,"column":2},"end":{"line":102,"column":57}},{"start":{},"end":{}}]},"8":{"loc":{"start":{"line":103,"column":2},"end":{"line":104,"column":72}},"type":"if","locations":[{"start":{"line":103,"column":2},"end":{"line":104,"column":72}},{"start":{"line":104,"column":7},"end":{"line":104,"column":72}}]},"9":{"loc":{"start":{"line":104,"column":7},"end":{"line":104,"column":72}},"type":"if","locations":[{"start":{"line":104,"column":7},"end":{"line":104,"column":72}},{"start":{},"end":{}}]},"10":{"loc":{"start":{"line":109,"column":2},"end":{"line":112,"column":3}},"type":"if","locations":[{"start":{"line":109,"column":2},"end":{"line":112,"column":3}},{"start":{},"end":{}}]},"11":{"loc":{"start":{"line":119,"column":2},"end":{"line":119,"column":32}},"type":"if","locations":[{"start":{"line":119,"column":2},"end":{"line":119,"column":32}},{"start":{},"end":{}}]},"12":{"loc":{"start":{"line":149,"column":2},"end":{"line":154,"column":3}},"type":"if","locations":[{"start":{"line":149,"column":2},"end":{"line":154,"column":3}},{"start":{},"end":{}}]},"13":{"loc":{"start":{"line":149,"column":6},"end":{"line":149,"column":104}},"type":"binary-expr","locations":[{"start":{"line":149,"column":6},"end":{"line":149,"column":27}},{"start":{"line":149,"column":31},"end":{"line":149,"column":49}},{"start":{"line":149,"column":53},"end":{"line":149,"column":104}}]},"14":{"loc":{"start":{"line":149,"column":69},"end":{"line":149,"column":103}},"type":"binary-expr","locations":[{"start":{"line":149,"column":69},"end":{"line":149,"column":90}},{"start":{"line":149,"column":94},"end":{"line":149,"column":103}}]},"15":{"loc":{"start":{"line":198,"column":4},"end":{"line":200,"column":5}},"type":"if","locations":[{"start":{"line":198,"column":4},"end":{"line":200,"column":5}},{"start":{},"end":{}}]},"16":{"loc":{"start":{"line":198,"column":8},"end":{"line":198,"column":52}},"type":"binary-expr","locations":[{"start":{"line":198,"column":8},"end":{"line":198,"column":37}},{"start":{"line":198,"column":41},"end":{"line":198,"column":52}}]},"17":{"loc":{"start":{"line":223,"column":2},"end":{"line":223,"column":92}},"type":"if","locations":[{"start":{"line":223,"column":2},"end":{"line":223,"column":92}},{"start":{},"end":{}}]},"18":{"loc":{"start":{"line":224,"column":2},"end":{"line":224,"column":98}},"type":"if","locations":[{"start":{"line":224,"column":2},"end":{"line":224,"column":98}},{"start":{},"end":{}}]},"19":{"loc":{"start":{"line":230,"column":2},"end":{"line":278,"column":3}},"type":"if","locations":[{"start":{"line":230,"column":2},"end":{"line":278,"column":3}},{"start":{},"end":{}}]},"20":{"loc":{"start":{"line":233,"column":4},"end":{"line":235,"column":5}},"type":"if","locations":[{"start":{"line":233,"column":4},"end":{"line":235,"column":5}},{"start":{},"end":{}}]},"21":{"loc":{"start":{"line":233,"column":8},"end":{"line":233,"column":93}},"type":"binary-expr","locations":[{"start":{"line":233,"column":8},"end":{"line":233,"column":36}},{"start":{"line":233,"column":40},"end":{"line":233,"column":52}},{"start":{"line":233,"column":56},"end":{"line":233,"column":93}}]},"22":{"loc":{"start":{"line":236,"column":4},"end":{"line":238,"column":5}},"type":"if","locations":[{"start":{"line":236,"column":4},"end":{"line":238,"column":5}},{"start":{},"end":{}}]},"23":{"loc":{"start":{"line":239,"column":4},"end":{"line":241,"column":5}},"type":"if","locations":[{"start":{"line":239,"column":4},"end":{"line":241,"column":5}},{"start":{},"end":{}}]},"24":{"loc":{"start":{"line":247,"column":4},"end":{"line":275,"column":5}},"type":"if","locations":[{"start":{"line":247,"column":4},"end":{"line":275,"column":5}},{"start":{"line":253,"column":11},"end":{"line":275,"column":5}}]},"25":{"loc":{"start":{"line":263,"column":6},"end":{"line":274,"column":7}},"type":"if","locations":[{"start":{"line":263,"column":6},"end":{"line":274,"column":7}},{"start":{"line":272,"column":13},"end":{"line":274,"column":7}}]},"26":{"loc":{"start":{"line":264,"column":8},"end":{"line":271,"column":9}},"type":"if","locations":[{"start":{"line":264,"column":8},"end":{"line":271,"column":9}},{"start":{"line":268,"column":15},"end":{"line":271,"column":9}}]},"27":{"loc":{"start":{"line":281,"column":2},"end":{"line":368,"column":3}},"type":"if","locations":[{"start":{"line":281,"column":2},"end":{"line":368,"column":3}},{"start":{},"end":{}}]},"28":{"loc":{"start":{"line":282,"column":4},"end":{"line":284,"column":5}},"type":"if","locations":[{"start":{"line":282,"column":4},"end":{"line":284,"column":5}},{"start":{},"end":{}}]},"29":{"loc":{"start":{"line":287,"column":4},"end":{"line":289,"column":5}},"type":"if","locations":[{"start":{"line":287,"column":4},"end":{"line":289,"column":5}},{"start":{},"end":{}}]},"30":{"loc":{"start":{"line":287,"column":8},"end":{"line":287,"column":129}},"type":"binary-expr","locations":[{"start":{"line":287,"column":8},"end":{"line":287,"column":37}},{"start":{"line":287,"column":41},"end":{"line":287,"column":54}},{"start":{"line":287,"column":58},"end":{"line":287,"column":129}}]},"31":{"loc":{"start":{"line":299,"column":4},"end":{"line":358,"column":5}},"type":"if","locations":[{"start":{"line":299,"column":4},"end":{"line":358,"column":5}},{"start":{"line":329,"column":11},"end":{"line":358,"column":5}}]},"32":{"loc":{"start":{"line":302,"column":6},"end":{"line":312,"column":7}},"type":"if","locations":[{"start":{"line":302,"column":6},"end":{"line":312,"column":7}},{"start":{},"end":{}}]},"33":{"loc":{"start":{"line":303,"column":8},"end":{"line":311,"column":9}},"type":"if","locations":[{"start":{"line":303,"column":8},"end":{"line":311,"column":9}},{"start":{"line":308,"column":15},"end":{"line":311,"column":9}}]},"34":{"loc":{"start":{"line":314,"column":6},"end":{"line":328,"column":7}},"type":"if","locations":[{"start":{"line":314,"column":6},"end":{"line":328,"column":7}},{"start":{},"end":{}}]},"35":{"loc":{"start":{"line":314,"column":10},"end":{"line":314,"column":36}},"type":"binary-expr","locations":[{"start":{"line":314,"column":10},"end":{"line":314,"column":21}},{"start":{"line":314,"column":25},"end":{"line":314,"column":36}}]},"36":{"loc":{"start":{"line":317,"column":8},"end":{"line":327,"column":9}},"type":"if","locations":[{"start":{"line":317,"column":8},"end":{"line":327,"column":9}},{"start":{},"end":{}}]},"37":{"loc":{"start":{"line":318,"column":10},"end":{"line":326,"column":11}},"type":"if","locations":[{"start":{"line":318,"column":10},"end":{"line":326,"column":11}},{"start":{"line":323,"column":17},"end":{"line":326,"column":11}}]},"38":{"loc":{"start":{"line":332,"column":6},"end":{"line":342,"column":7}},"type":"if","locations":[{"start":{"line":332,"column":6},"end":{"line":342,"column":7}},{"start":{},"end":{}}]},"39":{"loc":{"start":{"line":333,"column":8},"end":{"line":341,"column":9}},"type":"if","locations":[{"start":{"line":333,"column":8},"end":{"line":341,"column":9}},{"start":{"line":338,"column":15},"end":{"line":341,"column":9}}]},"40":{"loc":{"start":{"line":344,"column":6},"end":{"line":357,"column":7}},"type":"if","locations":[{"start":{"line":344,"column":6},"end":{"line":357,"column":7}},{"start":{},"end":{}}]},"41":{"loc":{"start":{"line":344,"column":10},"end":{"line":344,"column":34}},"type":"binary-expr","locations":[{"start":{"line":344,"column":10},"end":{"line":344,"column":21}},{"start":{"line":344,"column":25},"end":{"line":344,"column":34}}]},"42":{"loc":{"start":{"line":347,"column":8},"end":{"line":356,"column":9}},"type":"if","locations":[{"start":{"line":347,"column":8},"end":{"line":356,"column":9}},{"start":{},"end":{}}]},"43":{"loc":{"start":{"line":348,"column":10},"end":{"line":355,"column":11}},"type":"if","locations":[{"start":{"line":348,"column":10},"end":{"line":355,"column":11}},{"start":{"line":353,"column":17},"end":{"line":355,"column":11}}]},"44":{"loc":{"start":{"line":362,"column":4},"end":{"line":365,"column":5}},"type":"if","locations":[{"start":{"line":362,"column":4},"end":{"line":365,"column":5}},{"start":{},"end":{}}]},"45":{"loc":{"start":{"line":362,"column":8},"end":{"line":362,"column":51}},"type":"binary-expr","locations":[{"start":{"line":362,"column":8},"end":{"line":362,"column":19}},{"start":{"line":362,"column":23},"end":{"line":362,"column":51}}]},"46":{"loc":{"start":{"line":379,"column":2},"end":{"line":379,"column":81}},"type":"if","locations":[{"start":{"line":379,"column":2},"end":{"line":379,"column":81}},{"start":{},"end":{}}]},"47":{"loc":{"start":{"line":398,"column":2},"end":{"line":400,"column":3}},"type":"if","locations":[{"start":{"line":398,"column":2},"end":{"line":400,"column":3}},{"start":{},"end":{}}]}},"s":{"0":1,"1":1,"2":1,"3":1,"4":1,"5":1,"6":1,"7":0,"8":0,"9":0,"10":0,"11":1,"12":20,"13":20,"14":20,"15":120,"16":120,"17":20,"18":228,"19":912,"20":16,"21":96,"22":5,"23":5,"24":20,"25":5,"26":0,"27":6,"28":26,"29":9,"30":9,"31":9,"32":0,"33":0,"34":9,"35":0,"36":0,"37":9,"38":0,"39":9,"40":0,"41":9,"42":0,"43":9,"44":9,"45":9,"46":6,"47":6,"48":3,"49":5,"50":5,"51":0,"52":5,"53":5,"54":5,"55":8,"56":1,"57":25,"58":25,"59":122,"60":5,"61":20,"62":120,"63":20,"64":20,"65":20,"66":120,"67":120,"68":18,"69":18,"70":18,"71":18,"72":18,"73":2,"74":2,"75":1,"76":1,"77":1,"78":1,"79":18,"80":18,"81":1,"82":17,"83":1,"84":16,"85":16,"86":16,"87":5,"88":5,"89":2,"90":3,"91":1,"92":2,"93":1,"94":1,"95":1,"96":1,"97":1,"98":0,"99":0,"100":0,"101":0,"102":1,"103":1,"104":1,"105":1,"106":1,"107":1,"108":0,"109":0,"110":0,"111":0,"112":0,"113":0,"114":1,"115":1,"116":11,"117":10,"118":0,"119":10,"120":10,"121":3,"122":7,"123":7,"124":7,"125":7,"126":7,"127":7,"128":7,"129":7,"130":7,"131":6,"132":1,"133":1,"134":1,"135":1,"136":5,"137":7,"138":1,"139":1,"140":0,"141":0,"142":0,"143":0,"144":0,"145":0,"146":0,"147":0,"148":0,"149":0,"150":0,"151":0,"152":0,"153":0,"154":0,"155":0,"156":0,"157":0,"158":0,"159":0,"160":0,"161":0,"162":0,"163":0,"164":0,"165":7,"166":7,"167":6,"168":6,"169":7,"170":1,"171":1,"172":3,"173":3,"174":2,"175":1,"176":1,"177":19,"178":1,"179":18,"180":18},"f":{"0":0,"1":20,"2":228,"3":912,"4":16,"5":96,"6":5,"7":6,"8":26,"9":9,"10":5,"11":8,"12":25,"13":122,"14":120,"15":120,"16":120,"17":18,"18":3,"19":19},"b":{"0":[0,0],"1":[0],"2":[140,120],"3":[5,15],"4":[20,15],"5":[0,9],"6":[0,9],"7":[0,9],"8":[0,9],"9":[0,9],"10":[6,3],"11":[0,5],"12":[5,20],"13":[25,23,21],"14":[122,122],"15":[1,1],"16":[2,1],"17":[1,17],"18":[1,16],"19":[5,11],"20":[2,3],"21":[5,5,4],"22":[1,2],"23":[1,1],"24":[0,1],"25":[0,1],"26":[0,0],"27":[10,1],"28":[0,10],"29":[3,7],"30":[10,9,8],"31":[7,0],"32":[6,1],"33":[1,5],"34":[1,6],"35":[7,6],"36":[0,1],"37":[0,0],"38":[0,0],"39":[0,0],"40":[0,0],"41":[0,0],"42":[0,0],"43":[0,0],"44":[6,1],"45":[7,6],"46":[2,1],"47":[1,18]}}
,"C:\\Users\\desac\\OneDrive\\Área de Trabalho\\pokemon-showdown-ps\\backend\\src\\routes\\pokemon.ts": {"path":"C:\\Users\\desac\\OneDrive\\Área de Trabalho\\pokemon-showdown-ps\\backend\\src\\routes\\pokemon.ts","statementMap":{"0":{"start":{"line":1,"column":0},"end":{"line":1,"column":52}},"1":{"start":{"line":2,"column":0},"end":{"line":2,"column":55}},"2":{"start":{"line":4,"column":13},"end":{"line":4,"column":38}},"3":{"start":{"line":13,"column":0},"end":{"line":28,"column":3}},"4":{"start":{"line":14,"column":15},"end":{"line":14,"column":51}},"5":{"start":{"line":16,"column":2},"end":{"line":16,"column":86}},"6":{"start":{"line":16,"column":13},"end":{"line":16,"column":86}},"7":{"start":{"line":18,"column":2},"end":{"line":27,"column":3}},"8":{"start":{"line":19,"column":20},"end":{"line":19,"column":49}},"9":{"start":{"line":20,"column":4},"end":{"line":20,"column":29}},"10":{"start":{"line":22,"column":4},"end":{"line":24,"column":5}},"11":{"start":{"line":23,"column":6},"end":{"line":23,"column":82}},"12":{"start":{"line":25,"column":4},"end":{"line":25,"column":50}},"13":{"start":{"line":26,"column":4},"end":{"line":26,"column":79}}},"fnMap":{"0":{"name":"(anonymous_0)","decl":{"start":{"line":13,"column":28},"end":{"line":13,"column":33}},"loc":{"start":{"line":13,"column":66},"end":{"line":28,"column":1}}}},"branchMap":{"0":{"loc":{"start":{"line":16,"column":2},"end":{"line":16,"column":86}},"type":"if","locations":[{"start":{"line":16,"column":2},"end":{"line":16,"column":86}},{"start":{},"end":{}}]},"1":{"loc":{"start":{"line":22,"column":4},"end":{"line":24,"column":5}},"type":"if","locations":[{"start":{"line":22,"column":4},"end":{"line":24,"column":5}},{"start":{},"end":{}}]}},"s":{"0":1,"1":1,"2":1,"3":1,"4":4,"5":4,"6":0,"7":4,"8":4,"9":2,"10":2,"11":1,"12":1,"13":1},"f":{"0":4},"b":{"0":[0,4],"1":[1,1]}}
}
