TN:
SF:src\battle\engine.ts
FN:6,calcDamage
FNF:1
FNH:1
FNDA:9,calcDamage
DA:2,1
DA:4,1
DA:6,1
DA:11,9
DA:12,0
DA:15,9
DA:16,0
DA:19,9
DA:21,9
DA:22,0
DA:25,9
DA:26,9
DA:27,9
DA:28,9
DA:29,9
DA:30,9
DA:31,9
DA:33,9
LF:18
LH:15
BRDA:11,0,0,0
BRDA:11,0,1,9
BRDA:15,1,0,0
BRDA:15,1,1,9
BRDA:21,2,0,0
BRDA:21,2,1,9
BRDA:26,3,0,0
BRDA:26,3,1,9
BRDA:27,4,0,0
BRDA:27,4,1,9
BRDA:28,5,0,0
BRDA:28,5,1,9
BRDA:31,6,0,0
BRDA:31,6,1,9
BRF:14
BRH:7
end_of_record
TN:
SF:src\battle\typeChart.ts
FN:22,getTypeEffectiveness
FN:23,(anonymous_1)
FNF:2
FNH:2
FNDA:9,getTypeEffectiveness
FNDA:9,(anonymous_1)
DA:1,1
DA:22,1
DA:23,9
DA:24,9
LF:4
LH:4
BRDA:24,0,0,9
BRDA:24,0,1,9
BRDA:24,1,0,9
BRDA:24,1,1,0
BRF:4
BRH:3
end_of_record
TN:
SF:src\pokemon\service.ts
FN:9,calcHp
FN:13,calcStat
FN:41,loadBattlePokemon
FN:51,(anonymous_4)
FN:51,(anonymous_5)
FN:57,(anonymous_6)
FN:74,getPokemonPreview
FN:96,(anonymous_8)
FN:96,(anonymous_9)
FN:101,(anonymous_10)
FN:114,fetchMoves
FN:116,(anonymous_12)
FN:117,(anonymous_13)
FN:119,(anonymous_14)
FN:122,(anonymous_15)
FN:123,(anonymous_16)
FN:125,(anonymous_17)
FN:127,(anonymous_18)
FN:130,(anonymous_19)
FN:131,(anonymous_20)
FN:131,(anonymous_21)
FN:135,(anonymous_22)
FN:139,(anonymous_23)
FN:141,(anonymous_24)
FN:144,(anonymous_25)
FN:145,(anonymous_26)
FN:145,(anonymous_27)
FN:148,(anonymous_28)
FN:151,(anonymous_29)
FN:153,(anonymous_30)
FNF:30
FNH:0
FNDA:0,calcHp
FNDA:0,calcStat
FNDA:0,loadBattlePokemon
FNDA:0,(anonymous_4)
FNDA:0,(anonymous_5)
FNDA:0,(anonymous_6)
FNDA:0,getPokemonPreview
FNDA:0,(anonymous_8)
FNDA:0,(anonymous_9)
FNDA:0,(anonymous_10)
FNDA:0,fetchMoves
FNDA:0,(anonymous_12)
FNDA:0,(anonymous_13)
FNDA:0,(anonymous_14)
FNDA:0,(anonymous_15)
FNDA:0,(anonymous_16)
FNDA:0,(anonymous_17)
FNDA:0,(anonymous_18)
FNDA:0,(anonymous_19)
FNDA:0,(anonymous_20)
FNDA:0,(anonymous_21)
FNDA:0,(anonymous_22)
FNDA:0,(anonymous_23)
FNDA:0,(anonymous_24)
FNDA:0,(anonymous_25)
FNDA:0,(anonymous_26)
FNDA:0,(anonymous_27)
FNDA:0,(anonymous_28)
FNDA:0,(anonymous_29)
FNDA:0,(anonymous_30)
DA:1,2
DA:3,2
DA:5,2
DA:7,2
DA:10,0
DA:14,0
DA:41,2
DA:42,0
DA:44,0
DA:45,0
DA:46,0
DA:49,0
DA:50,0
DA:51,0
DA:52,0
DA:54,0
DA:57,0
DA:69,0
DA:70,0
DA:74,2
DA:75,0
DA:77,0
DA:78,0
DA:79,0
DA:95,0
DA:96,0
DA:98,0
DA:101,0
DA:115,0
DA:116,0
DA:117,0
DA:119,0
DA:122,0
DA:123,0
DA:125,0
DA:127,0
DA:129,0
DA:131,0
DA:135,0
DA:137,0
DA:138,0
DA:139,0
DA:141,0
DA:143,0
DA:145,0
DA:148,0
DA:151,0
DA:153,0
LF:48
LH:6
BRDA:45,0,0,0
BRDA:45,0,1,0
BRDA:51,1,0,0
BRDA:51,1,1,0
BRDA:65,2,0,0
BRDA:65,2,1,0
BRDA:78,3,0,0
BRDA:78,3,1,0
BRDA:96,4,0,0
BRDA:96,4,1,0
BRDA:102,5,0,0
BRDA:102,5,1,0
BRDA:117,6,0,0
BRDA:117,6,1,0
BRDA:135,7,0,0
BRDA:135,7,1,0
BRDA:135,8,0,0
BRDA:135,8,1,0
BRDA:137,9,0,0
BRDA:137,9,1,0
BRDA:148,10,0,0
BRDA:148,10,1,0
BRDA:148,11,0,0
BRDA:148,11,1,0
BRDA:154,12,0,0
BRDA:154,12,1,0
BRDA:159,13,0,0
BRDA:159,13,1,0
BRF:28
BRH:0
end_of_record
TN:
SF:src\routes\battle.ts
FN:14,(anonymous_0)
FN:31,pickAiNames
FN:43,serializePokemon
FN:52,(anonymous_3)
FN:65,teamSummary
FN:66,(anonymous_5)
FN:79,getNextAliveIndex
FN:86,allFainted
FN:87,(anonymous_8)
FN:90,resolveAttack
FN:117,aiAutoSwitch
FN:125,buildTurnResponse
FN:146,(anonymous_12)
FN:149,(anonymous_13)
FN:156,(anonymous_14)
FN:161,(anonymous_15)
FN:162,(anonymous_16)
FN:221,(anonymous_17)
FN:377,(anonymous_18)
FN:397,(anonymous_19)
FNF:20
FNH:19
FNDA:0,(anonymous_0)
FNDA:20,pickAiNames
FNDA:228,serializePokemon
FNDA:912,(anonymous_3)
FNDA:16,teamSummary
FNDA:96,(anonymous_5)
FNDA:5,getNextAliveIndex
FNDA:6,allFainted
FNDA:26,(anonymous_8)
FNDA:9,resolveAttack
FNDA:5,aiAutoSwitch
FNDA:8,buildTurnResponse
FNDA:25,(anonymous_12)
FNDA:122,(anonymous_13)
FNDA:120,(anonymous_14)
FNDA:120,(anonymous_15)
FNDA:120,(anonymous_16)
FNDA:18,(anonymous_17)
FNDA:3,(anonymous_18)
FNDA:19,(anonymous_19)
DA:1,1
DA:2,1
DA:3,1
DA:4,1
DA:7,1
DA:11,1
DA:14,1
DA:15,0
DA:16,0
DA:17,0
DA:23,1
DA:32,20
DA:33,20
DA:34,20
DA:35,120
DA:36,120
DA:38,20
DA:44,228
DA:52,912
DA:66,96
DA:80,5
DA:81,20
DA:83,0
DA:87,26
DA:96,9
DA:98,9
DA:100,9
DA:101,9
DA:102,9
DA:103,9
DA:104,9
DA:106,9
DA:107,9
DA:109,9
DA:110,6
DA:111,6
DA:113,3
DA:118,5
DA:119,5
DA:120,5
DA:121,5
DA:122,5
DA:126,8
DA:146,1
DA:147,25
DA:149,122
DA:150,5
DA:156,120
DA:157,20
DA:159,20
DA:160,20
DA:161,120
DA:162,120
DA:165,18
DA:177,18
DA:179,18
DA:180,18
DA:182,18
DA:197,2
DA:198,2
DA:199,1
DA:201,1
DA:202,1
DA:221,1
DA:222,18
DA:223,18
DA:224,17
DA:226,16
DA:227,16
DA:230,16
DA:231,5
DA:233,5
DA:234,2
DA:236,3
DA:237,1
DA:239,2
DA:240,1
DA:243,1
DA:244,1
DA:245,1
DA:247,1
DA:249,0
DA:250,0
DA:251,0
DA:252,0
DA:255,1
DA:257,1
DA:258,1
DA:259,1
DA:261,1
DA:263,1
DA:264,0
DA:265,0
DA:266,0
DA:267,0
DA:269,0
DA:270,0
DA:273,1
DA:277,1
DA:281,11
DA:282,10
DA:283,0
DA:286,10
DA:287,10
DA:288,3
DA:291,7
DA:292,7
DA:293,7
DA:294,7
DA:295,7
DA:297,7
DA:299,7
DA:301,7
DA:302,7
DA:303,6
DA:304,1
DA:305,1
DA:306,1
DA:307,1
DA:309,5
DA:314,7
DA:316,1
DA:317,1
DA:318,0
DA:319,0
DA:320,0
DA:321,0
DA:322,0
DA:324,0
DA:325,0
DA:331,0
DA:332,0
DA:333,0
DA:334,0
DA:335,0
DA:336,0
DA:337,0
DA:339,0
DA:340,0
DA:344,0
DA:346,0
DA:347,0
DA:348,0
DA:349,0
DA:350,0
DA:351,0
DA:352,0
DA:354,0
DA:360,7
DA:362,7
DA:363,6
DA:364,6
DA:367,7
DA:370,1
DA:377,1
DA:378,3
DA:379,3
DA:381,1
DA:397,1
DA:398,19
DA:399,1
DA:401,18
DA:402,18
LF:163
LH:123
BRDA:17,0,0,0
BRDA:17,0,1,0
BRDA:31,1,0,0
BRDA:34,2,0,140
BRDA:34,2,1,120
BRDA:81,3,0,5
BRDA:81,3,1,15
BRDA:81,4,0,20
BRDA:81,4,1,15
BRDA:100,5,0,0
BRDA:100,5,1,9
BRDA:101,6,0,0
BRDA:101,6,1,9
BRDA:102,7,0,0
BRDA:102,7,1,9
BRDA:103,8,0,0
BRDA:103,8,1,9
BRDA:104,9,0,0
BRDA:104,9,1,9
BRDA:109,10,0,6
BRDA:109,10,1,3
BRDA:119,11,0,0
BRDA:119,11,1,5
BRDA:149,12,0,5
BRDA:149,12,1,20
BRDA:149,13,0,25
BRDA:149,13,1,23
BRDA:149,13,2,21
BRDA:149,14,0,122
BRDA:149,14,1,122
BRDA:198,15,0,1
BRDA:198,15,1,1
BRDA:198,16,0,2
BRDA:198,16,1,1
BRDA:223,17,0,1
BRDA:223,17,1,17
BRDA:224,18,0,1
BRDA:224,18,1,16
BRDA:230,19,0,5
BRDA:230,19,1,11
BRDA:233,20,0,2
BRDA:233,20,1,3
BRDA:233,21,0,5
BRDA:233,21,1,5
BRDA:233,21,2,4
BRDA:236,22,0,1
BRDA:236,22,1,2
BRDA:239,23,0,1
BRDA:239,23,1,1
BRDA:247,24,0,0
BRDA:247,24,1,1
BRDA:263,25,0,0
BRDA:263,25,1,1
BRDA:264,26,0,0
BRDA:264,26,1,0
BRDA:281,27,0,10
BRDA:281,27,1,1
BRDA:282,28,0,0
BRDA:282,28,1,10
BRDA:287,29,0,3
BRDA:287,29,1,7
BRDA:287,30,0,10
BRDA:287,30,1,9
BRDA:287,30,2,8
BRDA:299,31,0,7
BRDA:299,31,1,0
BRDA:302,32,0,6
BRDA:302,32,1,1
BRDA:303,33,0,1
BRDA:303,33,1,5
BRDA:314,34,0,1
BRDA:314,34,1,6
BRDA:314,35,0,7
BRDA:314,35,1,6
BRDA:317,36,0,0
BRDA:317,36,1,1
BRDA:318,37,0,0
BRDA:318,37,1,0
BRDA:332,38,0,0
BRDA:332,38,1,0
BRDA:333,39,0,0
BRDA:333,39,1,0
BRDA:344,40,0,0
BRDA:344,40,1,0
BRDA:344,41,0,0
BRDA:344,41,1,0
BRDA:347,42,0,0
BRDA:347,42,1,0
BRDA:348,43,0,0
BRDA:348,43,1,0
BRDA:362,44,0,6
BRDA:362,44,1,1
BRDA:362,45,0,7
BRDA:362,45,1,6
BRDA:379,46,0,2
BRDA:379,46,1,1
BRDA:398,47,0,1
BRDA:398,47,1,18
BRF:98
BRH:68
end_of_record
TN:
SF:src\routes\pokemon.ts
FN:13,(anonymous_0)
FNF:1
FNH:1
FNDA:4,(anonymous_0)
DA:1,1
DA:2,1
DA:4,1
DA:13,1
DA:14,4
DA:16,4
DA:18,4
DA:19,4
DA:20,2
DA:22,2
DA:23,1
DA:25,1
DA:26,1
LF:13
LH:13
BRDA:16,0,0,0
BRDA:16,0,1,4
BRDA:22,1,0,1
BRDA:22,1,1,1
BRF:4
BRH:3
end_of_record
