<?xml version="1.0" encoding="UTF-8"?>
<coverage generated="1778011124779" clover="3.2.0">
  <project timestamp="1778011124779" name="All files">
    <metrics statements="60" coveredstatements="56" conditionals="25" coveredconditionals="21" methods="11" coveredmethods="11" elements="96" coveredelements="88" complexity="0" loc="60" ncloc="60" packages="1" files="1" classes="1"/>
    <file name="app.ts" path="C:\Users\desac\OneDrive\Área de Trabalho\pokemon-showdown-ps\backend\users\src\app.ts">
      <metrics statements="60" coveredstatements="56" conditionals="25" coveredconditionals="21" methods="11" coveredmethods="11"/>
      <line num="1" count="1" type="stmt"/>
      <line num="2" count="1" type="stmt"/>
      <line num="3" count="1" type="stmt"/>
      <line num="4" count="1" type="stmt"/>
      <line num="5" count="1" type="stmt"/>
      <line num="6" count="1" type="stmt"/>
      <line num="8" count="1" type="stmt"/>
      <line num="10" count="1" type="stmt"/>
      <line num="12" count="1" type="stmt"/>
      <line num="13" count="1" type="stmt"/>
      <line num="15" count="1" type="stmt"/>
      <line num="17" count="1" type="stmt"/>
      <line num="18" count="1" type="stmt"/>
      <line num="21" count="1" type="stmt"/>
      <line num="22" count="2" type="stmt"/>
      <line num="23" count="2" type="cond" truecount="1" falsecount="1"/>
      <line num="24" count="0" type="stmt"/>
      <line num="27" count="2" type="stmt"/>
      <line num="37" count="2" type="stmt"/>
      <line num="39" count="1" type="stmt"/>
      <line num="41" count="5" type="stmt"/>
      <line num="43" count="6" type="stmt"/>
      <line num="44" count="6" type="stmt"/>
      <line num="48" count="1" type="stmt"/>
      <line num="56" count="2" type="stmt"/>
      <line num="59" count="1" type="stmt"/>
      <line num="60" count="7" type="stmt"/>
      <line num="61" count="7" type="cond" truecount="1" falsecount="1"/>
      <line num="62" count="0" type="stmt"/>
      <line num="65" count="7" type="stmt"/>
      <line num="66" count="7" type="cond" truecount="4" falsecount="0"/>
      <line num="70" count="24" type="cond" truecount="7" falsecount="0"/>
      <line num="71" count="3" type="stmt"/>
      <line num="74" count="4" type="stmt"/>
      <line num="75" count="4" type="stmt"/>
      <line num="77" count="24" type="stmt"/>
      <line num="78" count="24" type="stmt"/>
      <line num="80" count="18" type="stmt"/>
      <line num="89" count="3" type="stmt"/>
      <line num="90" count="2" type="stmt"/>
      <line num="97" count="2" type="stmt"/>
      <line num="98" count="12" type="stmt"/>
      <line num="107" count="12" type="stmt"/>
      <line num="116" count="2" type="stmt"/>
      <line num="119" count="2" type="stmt"/>
      <line num="121" count="2" type="cond" truecount="4" falsecount="0"/>
      <line num="122" count="1" type="stmt"/>
      <line num="125" count="1" type="stmt"/>
      <line num="129" count="1" type="stmt"/>
      <line num="130" count="2" type="stmt"/>
      <line num="131" count="2" type="cond" truecount="1" falsecount="1"/>
      <line num="132" count="0" type="stmt"/>
      <line num="135" count="2" type="stmt"/>
      <line num="136" count="2" type="cond" truecount="1" falsecount="1"/>
      <line num="137" count="0" type="stmt"/>
      <line num="140" count="2" type="stmt"/>
      <line num="144" count="2" type="cond" truecount="2" falsecount="0"/>
      <line num="145" count="1" type="stmt"/>
      <line num="148" count="1" type="stmt"/>
      <line num="151" count="1" type="stmt"/>
    </file>
  </project>
</coverage>
