TN:
SF:src\app.ts
FN:15,(anonymous_1)
FN:17,(anonymous_2)
FN:21,(anonymous_3)
FN:38,(anonymous_4)
FN:41,(anonymous_5)
FN:42,(anonymous_6)
FN:59,(anonymous_7)
FN:70,(anonymous_8)
FN:76,(anonymous_9)
FN:89,(anonymous_10)
FN:129,(anonymous_11)
FNF:11
FNH:11
FNDA:1,(anonymous_1)
FNDA:1,(anonymous_2)
FNDA:2,(anonymous_3)
FNDA:1,(anonymous_4)
FNDA:5,(anonymous_5)
FNDA:6,(anonymous_6)
FNDA:7,(anonymous_7)
FNDA:24,(anonymous_8)
FNDA:24,(anonymous_9)
FNDA:2,(anonymous_10)
FNDA:2,(anonymous_11)
DA:1,1
DA:2,1
DA:3,1
DA:4,1
DA:5,1
DA:6,1
DA:8,1
DA:10,1
DA:12,1
DA:13,1
DA:15,1
DA:17,1
DA:18,1
DA:21,1
DA:22,2
DA:23,2
DA:24,0
DA:27,2
DA:37,2
DA:39,1
DA:41,5
DA:43,6
DA:44,6
DA:48,1
DA:56,2
DA:59,1
DA:60,7
DA:61,7
DA:62,0
DA:65,7
DA:66,7
DA:70,24
DA:71,3
DA:74,4
DA:75,4
DA:77,24
DA:78,24
DA:80,18
DA:89,3
DA:90,2
DA:97,2
DA:98,12
DA:107,12
DA:116,2
DA:119,2
DA:121,2
DA:122,1
DA:125,1
DA:129,1
DA:130,2
DA:131,2
DA:132,0
DA:135,2
DA:136,2
DA:137,0
DA:140,2
DA:144,2
DA:145,1
DA:148,1
DA:151,1
LF:60
LH:56
BRDA:23,0,0,0
BRDA:23,0,1,2
BRDA:61,1,0,0
BRDA:61,1,1,7
BRDA:66,2,0,4
BRDA:66,2,1,3
BRDA:66,3,0,7
BRDA:66,3,1,4
BRDA:70,4,0,3
BRDA:70,4,1,4
BRDA:70,5,0,7
BRDA:70,5,1,6
BRDA:70,5,2,4
BRDA:70,6,0,24
BRDA:70,6,1,24
BRDA:121,7,0,1
BRDA:121,7,1,1
BRDA:121,8,0,2
BRDA:121,8,1,1
BRDA:131,9,0,0
BRDA:131,9,1,2
BRDA:136,10,0,0
BRDA:136,10,1,2
BRDA:144,11,0,1
BRDA:144,11,1,1
BRF:25
BRH:21
end_of_record
